<?xml version="1.0" encoding="UTF-8"?>
<!-- Generated by org.testng.reporters.JUnitXMLReporter -->
<testsuite ignored="0" hostname="LTILBOM20401186" failures="0" tests="3" name="Default test" time="34.894" errors="0" timestamp="2022-12-10T20:27:11 IST">
  <testcase classname="com.blazeDemo.testScripts.EndToEndTest" name="endToEndTest" time="2.582"/>
  <testcase classname="com.blazeDemo.testScripts.EndToEndTest" name="endToEndTest2" time="2.726"/>
  <testcase classname="com.blazeDemo.testScripts.EndToEndTest" name="endToEndTest2" time="2.934"/>
</testsuite> <!-- Default test -->
