<?xml version="1.0" encoding="UTF-8"?>
<!-- Generated by org.testng.reporters.JUnitXMLReporter -->
<testsuite ignored="10" hostname="LTILBOM20401186" failures="0" tests="21" name="Test_All" time="205.531" errors="0" timestamp="2022-12-10T19:23:00 IST">
  <testcase classname="com.blazeDemo.testScripts.ConfirmationPageTest" name="getInfoDetails" time="2.64"/>
  <testcase classname="com.blazeDemo.testScripts.ConfirmationPageTest" name="verifyTitle" time="2.631"/>
  <testcase classname="com.blazeDemo.testScripts.ConfirmationPageTest" name="verifyUrl" time="2.66"/>
  <testcase classname="com.blazeDemo.testScripts.DetailsPageTest" name="verifyTitle" time="2.108"/>
  <testcase classname="com.blazeDemo.testScripts.DetailsPageTest" name="verifyText" time="1.986"/>
  <testcase classname="com.blazeDemo.testScripts.DetailsPageTest" name="verifyUrl" time="2.27"/>
  <testcase classname="com.blazeDemo.testScripts.DetailsPageTest" name="enterDetails" time="2.622"/>
  <testcase classname="com.blazeDemo.testScripts.EndToEndTest" name="endToEndTest" time="2.736"/>
  <testcase classname="com.blazeDemo.testScripts.IndexPageTest" name="verifyHomePage" time="0.027"/>
  <testcase classname="com.blazeDemo.testScripts.IndexPageTest" name="verifyTitleOfPage" time="0.011"/>
  <testcase classname="com.blazeDemo.testScripts.IndexPageTest" name="verifyUrl" time="0.012"/>
  <testcase classname="com.blazeDemo.testScripts.VacationPageTest" name="verifyImageonPage" time="1.878"/>
  <testcase classname="com.blazeDemo.testScripts.VacationPageTest" name="verifyText" time="1.613"/>
  <testcase classname="com.blazeDemo.testScripts.VacationPageTest" name="verifyTitle" time="1.968"/>
  <testcase classname="com.blazeDemo.testScripts.ReservePageTest" name="getSrcDestFromExcel" time="0.708"/>
  <testcase classname="com.blazeDemo.testScripts.ReservePageTest" name="getSrcDestFromExcel" time="0.736"/>
  <testcase classname="com.blazeDemo.testScripts.ReservePageTest" name="getSrcDestFromExcel" time="0.705"/>
  <testcase classname="com.blazeDemo.testScripts.ReservePageTest" name="getSrcDestFromExcel" time="0.663"/>
  <testcase classname="com.blazeDemo.testScripts.ReservePageTest" name="getSrcDestFromExcel" time="0.814"/>
  <testcase classname="com.blazeDemo.testScripts.ReservePageTest" name="verifySrcDest" time="0.716"/>
  <testcase classname="com.blazeDemo.testScripts.ReservePageTest" name="verifyTitle" time="0.658"/>
  <testcase classname="com.blazeDemo.baseClass.Base" name="@BeforeSuite beforeSuite" time="0.0">
    <ignored/>
  </testcase> <!-- @BeforeSuite beforeSuite -->
  <testcase classname="com.blazeDemo.baseClass.Base" name="@BeforeSuite beforeSuite" time="0.0">
    <ignored/>
  </testcase> <!-- @BeforeSuite beforeSuite -->
  <testcase classname="com.blazeDemo.baseClass.Base" name="@BeforeSuite beforeSuite" time="0.0">
    <ignored/>
  </testcase> <!-- @BeforeSuite beforeSuite -->
  <testcase classname="com.blazeDemo.baseClass.Base" name="@BeforeSuite beforeSuite" time="0.0">
    <ignored/>
  </testcase> <!-- @BeforeSuite beforeSuite -->
  <testcase classname="com.blazeDemo.baseClass.Base" name="@BeforeSuite beforeSuite" time="0.0">
    <ignored/>
  </testcase> <!-- @BeforeSuite beforeSuite -->
  <testcase classname="com.blazeDemo.baseClass.Base" name="@AfterSuite afterSuite" time="0.0">
    <ignored/>
  </testcase> <!-- @AfterSuite afterSuite -->
  <testcase classname="com.blazeDemo.baseClass.Base" name="@AfterSuite afterSuite" time="0.0">
    <ignored/>
  </testcase> <!-- @AfterSuite afterSuite -->
  <testcase classname="com.blazeDemo.baseClass.Base" name="@AfterSuite afterSuite" time="0.0">
    <ignored/>
  </testcase> <!-- @AfterSuite afterSuite -->
  <testcase classname="com.blazeDemo.baseClass.Base" name="@AfterSuite afterSuite" time="0.0">
    <ignored/>
  </testcase> <!-- @AfterSuite afterSuite -->
  <testcase classname="com.blazeDemo.baseClass.Base" name="@AfterSuite afterSuite" time="0.0">
    <ignored/>
  </testcase> <!-- @AfterSuite afterSuite -->
</testsuite> <!-- Test_All -->
